#! /usr/bin/vvp
:ivl_version "13.0 (stable)" "(v13_0-dirty)";
:ivl_delay_selection "TYPICAL";
:vpi_time_precision - 12;
:vpi_module "/usr/lib/ivl/system.vpi";
:vpi_module "/usr/lib/ivl/vhdl_sys.vpi";
:vpi_module "/usr/lib/ivl/vhdl_textio.vpi";
:vpi_module "/usr/lib/ivl/v2005_math.vpi";
:vpi_module "/usr/lib/ivl/va_math.vpi";
:vpi_module "/usr/lib/ivl/v2009.vpi";
S_0x562a77a59d40 .scope package, "$unit" "$unit" 2 1;
 .timescale 0 0;
S_0x562a77a62450 .scope module, "tb_isfft_chain" "tb_isfft_chain" 3 3;
 .timescale -9 -12;
P_0x562a77a625e0 .param/l "BITS_PER_SYMBOL" 1 3 8, +C4<00000000000000000000000000000100>;
P_0x562a77a62620 .param/l "IQ_WIDTH" 1 3 9, +C4<00000000000000000000000000000011>;
P_0x562a77a62660 .param/l "M" 1 3 5, +C4<00000000000000000000000000000100>;
P_0x562a77a626a0 .param/l "MODULATION_ORDER" 1 3 7, +C4<00000000000000000000000000010000>;
P_0x562a77a626e0 .param/l "N" 1 3 6, +C4<00000000000000000000000000000100>;
P_0x562a77a62720 .param/l "OUT_WIDTH" 1 3 10, +C4<00000000000000000000000000000111>;
P_0x562a77a62760 .param/l "TOTAL" 1 3 11, +C4<00000000000000000000000000010000>;
v0x562a77a60d90_0 .array/port v0x562a77a60d90, 0;
L_0x562a77a9bed0 .functor BUFZ 3, v0x562a77a60d90_0, C4<000>, C4<000>, C4<000>;
v0x562a77a60d90_1 .array/port v0x562a77a60d90, 1;
L_0x562a77a9bf90 .functor BUFZ 3, v0x562a77a60d90_1, C4<000>, C4<000>, C4<000>;
v0x562a77a60d90_2 .array/port v0x562a77a60d90, 2;
L_0x562a77a8a2b0 .functor BUFZ 3, v0x562a77a60d90_2, C4<000>, C4<000>, C4<000>;
v0x562a77a60d90_3 .array/port v0x562a77a60d90, 3;
L_0x562a77a9c170 .functor BUFZ 3, v0x562a77a60d90_3, C4<000>, C4<000>, C4<000>;
v0x562a77a60d90_4 .array/port v0x562a77a60d90, 4;
L_0x562a77a9c050 .functor BUFZ 3, v0x562a77a60d90_4, C4<000>, C4<000>, C4<000>;
v0x562a77a60d90_5 .array/port v0x562a77a60d90, 5;
L_0x562a77a9c310 .functor BUFZ 3, v0x562a77a60d90_5, C4<000>, C4<000>, C4<000>;
v0x562a77a60d90_6 .array/port v0x562a77a60d90, 6;
L_0x562a77a9c1e0 .functor BUFZ 3, v0x562a77a60d90_6, C4<000>, C4<000>, C4<000>;
v0x562a77a60d90_7 .array/port v0x562a77a60d90, 7;
L_0x562a77a9c2a0 .functor BUFZ 3, v0x562a77a60d90_7, C4<000>, C4<000>, C4<000>;
v0x562a77a60d90_8 .array/port v0x562a77a60d90, 8;
L_0x562a77a9c380 .functor BUFZ 3, v0x562a77a60d90_8, C4<000>, C4<000>, C4<000>;
v0x562a77a60d90_9 .array/port v0x562a77a60d90, 9;
L_0x562a77a9c440 .functor BUFZ 3, v0x562a77a60d90_9, C4<000>, C4<000>, C4<000>;
v0x562a77a60d90_10 .array/port v0x562a77a60d90, 10;
L_0x562a77a9c510 .functor BUFZ 3, v0x562a77a60d90_10, C4<000>, C4<000>, C4<000>;
v0x562a77a60d90_11 .array/port v0x562a77a60d90, 11;
L_0x562a77a9c5d0 .functor BUFZ 3, v0x562a77a60d90_11, C4<000>, C4<000>, C4<000>;
v0x562a77a60d90_12 .array/port v0x562a77a60d90, 12;
L_0x562a77a9c6b0 .functor BUFZ 3, v0x562a77a60d90_12, C4<000>, C4<000>, C4<000>;
v0x562a77a60d90_13 .array/port v0x562a77a60d90, 13;
L_0x562a77a9c770 .functor BUFZ 3, v0x562a77a60d90_13, C4<000>, C4<000>, C4<000>;
v0x562a77a60d90_14 .array/port v0x562a77a60d90, 14;
L_0x562a77a9c860 .functor BUFZ 3, v0x562a77a60d90_14, C4<000>, C4<000>, C4<000>;
v0x562a77a60d90_15 .array/port v0x562a77a60d90, 15;
L_0x562a77a9c920 .functor BUFZ 3, v0x562a77a60d90_15, C4<000>, C4<000>, C4<000>;
v0x562a77a4c550_0 .array/port v0x562a77a4c550, 0;
L_0x562a77a9ca20 .functor BUFZ 3, v0x562a77a4c550_0, C4<000>, C4<000>, C4<000>;
v0x562a77a4c550_1 .array/port v0x562a77a4c550, 1;
L_0x562a77a9cae0 .functor BUFZ 3, v0x562a77a4c550_1, C4<000>, C4<000>, C4<000>;
v0x562a77a4c550_2 .array/port v0x562a77a4c550, 2;
L_0x562a77a9cd90 .functor BUFZ 3, v0x562a77a4c550_2, C4<000>, C4<000>, C4<000>;
v0x562a77a4c550_3 .array/port v0x562a77a4c550, 3;
L_0x562a77a9ce50 .functor BUFZ 3, v0x562a77a4c550_3, C4<000>, C4<000>, C4<000>;
v0x562a77a4c550_4 .array/port v0x562a77a4c550, 4;
L_0x562a77a9cbf0 .functor BUFZ 3, v0x562a77a4c550_4, C4<000>, C4<000>, C4<000>;
v0x562a77a4c550_5 .array/port v0x562a77a4c550, 5;
L_0x562a77a9ccb0 .functor BUFZ 3, v0x562a77a4c550_5, C4<000>, C4<000>, C4<000>;
v0x562a77a4c550_6 .array/port v0x562a77a4c550, 6;
L_0x562a77a9d0d0 .functor BUFZ 3, v0x562a77a4c550_6, C4<000>, C4<000>, C4<000>;
v0x562a77a4c550_7 .array/port v0x562a77a4c550, 7;
L_0x562a77a9d190 .functor BUFZ 3, v0x562a77a4c550_7, C4<000>, C4<000>, C4<000>;
v0x562a77a4c550_8 .array/port v0x562a77a4c550, 8;
L_0x562a77a9cf10 .functor BUFZ 3, v0x562a77a4c550_8, C4<000>, C4<000>, C4<000>;
v0x562a77a4c550_9 .array/port v0x562a77a4c550, 9;
L_0x562a77a9cfd0 .functor BUFZ 3, v0x562a77a4c550_9, C4<000>, C4<000>, C4<000>;
v0x562a77a4c550_10 .array/port v0x562a77a4c550, 10;
L_0x562a77a9d430 .functor BUFZ 3, v0x562a77a4c550_10, C4<000>, C4<000>, C4<000>;
v0x562a77a4c550_11 .array/port v0x562a77a4c550, 11;
L_0x562a77a9d4f0 .functor BUFZ 3, v0x562a77a4c550_11, C4<000>, C4<000>, C4<000>;
v0x562a77a4c550_12 .array/port v0x562a77a4c550, 12;
L_0x562a77a9d250 .functor BUFZ 3, v0x562a77a4c550_12, C4<000>, C4<000>, C4<000>;
v0x562a77a4c550_13 .array/port v0x562a77a4c550, 13;
L_0x562a77a9d310 .functor BUFZ 3, v0x562a77a4c550_13, C4<000>, C4<000>, C4<000>;
v0x562a77a4c550_14 .array/port v0x562a77a4c550, 14;
L_0x562a77a9d7b0 .functor BUFZ 3, v0x562a77a4c550_14, C4<000>, C4<000>, C4<000>;
v0x562a77a4c550_15 .array/port v0x562a77a4c550, 15;
L_0x562a77a9d820 .functor BUFZ 3, v0x562a77a4c550_15, C4<000>, C4<000>, C4<000>;
v0x562a77a87020_0 .var "bits", 3 0;
v0x562a77a87130 .array "bits_mem", 15 0, 3 0;
v0x562a77a871f0_0 .net "busy", 0 0, L_0x562a77a8a500;  1 drivers
v0x562a77a87290_0 .var "clk", 0 0;
v0x562a77a87380_0 .var/2s "cycles", 31 0;
v0x562a77a87470_0 .var/2s "errors", 31 0;
v0x562a77a87550 .array/s "exp_i", 15 0, 6 0;
v0x562a77a87610_0 .var/str "exp_i_mem_file";
v0x562a77a876d0 .array/s "exp_q", 15 0, 6 0;
v0x562a77a87790_0 .var/str "exp_q_mem_file";
v0x562a77a87850_0 .net "frame_done", 0 0, v0x562a77a84850_0;  1 drivers
v0x562a77a878f0_0 .net "frame_start", 0 0, v0x562a77a84910_0;  1 drivers
v0x562a77a87990 .array "grid_i", 15 0;
v0x562a77a87990_0 .net/s v0x562a77a87990 0, 2 0, v0x562a77a60d90_0; 1 drivers
v0x562a77a87990_1 .net/s v0x562a77a87990 1, 2 0, v0x562a77a60d90_1; 1 drivers
v0x562a77a87990_2 .net/s v0x562a77a87990 2, 2 0, v0x562a77a60d90_2; 1 drivers
v0x562a77a87990_3 .net/s v0x562a77a87990 3, 2 0, v0x562a77a60d90_3; 1 drivers
v0x562a77a87990_4 .net/s v0x562a77a87990 4, 2 0, v0x562a77a60d90_4; 1 drivers
v0x562a77a87990_5 .net/s v0x562a77a87990 5, 2 0, v0x562a77a60d90_5; 1 drivers
v0x562a77a87990_6 .net/s v0x562a77a87990 6, 2 0, v0x562a77a60d90_6; 1 drivers
v0x562a77a87990_7 .net/s v0x562a77a87990 7, 2 0, v0x562a77a60d90_7; 1 drivers
v0x562a77a87990_8 .net/s v0x562a77a87990 8, 2 0, v0x562a77a60d90_8; 1 drivers
v0x562a77a87990_9 .net/s v0x562a77a87990 9, 2 0, v0x562a77a60d90_9; 1 drivers
v0x562a77a87990_10 .net/s v0x562a77a87990 10, 2 0, v0x562a77a60d90_10; 1 drivers
v0x562a77a87990_11 .net/s v0x562a77a87990 11, 2 0, v0x562a77a60d90_11; 1 drivers
v0x562a77a87990_12 .net/s v0x562a77a87990 12, 2 0, v0x562a77a60d90_12; 1 drivers
v0x562a77a87990_13 .net/s v0x562a77a87990 13, 2 0, v0x562a77a60d90_13; 1 drivers
v0x562a77a87990_14 .net/s v0x562a77a87990 14, 2 0, v0x562a77a60d90_14; 1 drivers
v0x562a77a87990_15 .net/s v0x562a77a87990 15, 2 0, v0x562a77a60d90_15; 1 drivers
v0x562a77a87cc0 .array "grid_q", 15 0;
v0x562a77a87cc0_0 .net/s v0x562a77a87cc0 0, 2 0, v0x562a77a4c550_0; 1 drivers
v0x562a77a87cc0_1 .net/s v0x562a77a87cc0 1, 2 0, v0x562a77a4c550_1; 1 drivers
v0x562a77a87cc0_2 .net/s v0x562a77a87cc0 2, 2 0, v0x562a77a4c550_2; 1 drivers
v0x562a77a87cc0_3 .net/s v0x562a77a87cc0 3, 2 0, v0x562a77a4c550_3; 1 drivers
v0x562a77a87cc0_4 .net/s v0x562a77a87cc0 4, 2 0, v0x562a77a4c550_4; 1 drivers
v0x562a77a87cc0_5 .net/s v0x562a77a87cc0 5, 2 0, v0x562a77a4c550_5; 1 drivers
v0x562a77a87cc0_6 .net/s v0x562a77a87cc0 6, 2 0, v0x562a77a4c550_6; 1 drivers
v0x562a77a87cc0_7 .net/s v0x562a77a87cc0 7, 2 0, v0x562a77a4c550_7; 1 drivers
v0x562a77a87cc0_8 .net/s v0x562a77a87cc0 8, 2 0, v0x562a77a4c550_8; 1 drivers
v0x562a77a87cc0_9 .net/s v0x562a77a87cc0 9, 2 0, v0x562a77a4c550_9; 1 drivers
v0x562a77a87cc0_10 .net/s v0x562a77a87cc0 10, 2 0, v0x562a77a4c550_10; 1 drivers
v0x562a77a87cc0_11 .net/s v0x562a77a87cc0 11, 2 0, v0x562a77a4c550_11; 1 drivers
v0x562a77a87cc0_12 .net/s v0x562a77a87cc0 12, 2 0, v0x562a77a4c550_12; 1 drivers
v0x562a77a87cc0_13 .net/s v0x562a77a87cc0 13, 2 0, v0x562a77a4c550_13; 1 drivers
v0x562a77a87cc0_14 .net/s v0x562a77a87cc0 14, 2 0, v0x562a77a4c550_14; 1 drivers
v0x562a77a87cc0_15 .net/s v0x562a77a87cc0 15, 2 0, v0x562a77a4c550_15; 1 drivers
v0x562a77a88010_0 .net "grid_valid", 0 0, v0x562a77a56eb0_0;  1 drivers
v0x562a77a88100_0 .var "in_valid", 0 0;
v0x562a77a881a0_0 .var/str "input_mem_file";
v0x562a77a88240_0 .net/s "map_i", 2 0, v0x562a77a86aa0_0;  1 drivers
v0x562a77a88300_0 .net/s "map_q", 2 0, v0x562a77a86b90_0;  1 drivers
v0x562a77a883c0_0 .net/s "out_i", 6 0, L_0x562a77a9b170;  1 drivers
v0x562a77a88480_0 .net/s "out_q", 6 0, L_0x562a77a9bc80;  1 drivers
v0x562a77a88520_0 .var "out_ready", 0 0;
v0x562a77a885f0_0 .net "out_valid", 0 0, L_0x562a77a8a610;  1 drivers
v0x562a77a886c0_0 .var/2s "rd_ptr", 31 0;
v0x562a77a88760_0 .var/2s "recv_count", 31 0;
v0x562a77a88820_0 .var "rst_n", 0 0;
v0x562a77a88910_0 .net "wr_col", 1 0, v0x562a77a7f410_0;  1 drivers
v0x562a77a889d0_0 .net "wr_row", 1 0, v0x562a77a7f4f0_0;  1 drivers
S_0x562a779df460 .scope begin, "$ivl_for_loop0" "$ivl_for_loop0" 3 136, 3 136 0, S_0x562a77a62450;
 .timescale -9 -12;
v0x562a77a5d5f0_0 .var/2s "k", 31 0;
E_0x562a779e4370 .event posedge, v0x562a77a5d940_0;
S_0x562a77a7e370 .scope module, "u_grid_loader" "grid_loader" 3 68, 4 7 0, S_0x562a77a62450;
 .timescale 0 0;
    .port_info 0 /INPUT 1 "clk";
    .port_info 1 /INPUT 1 "rst_n";
    .port_info 2 /INPUT 1 "frame_start";
    .port_info 3 /INPUT 1 "in_valid";
    .port_info 4 /INPUT 3 "in_i";
    .port_info 5 /INPUT 3 "in_q";
    .port_info 6 /OUTPUT 1 "grid_valid";
    .port_info 7 /OUTPUT 2 "wr_row";
    .port_info 8 /OUTPUT 2 "wr_col";
    .port_info 9 /OUTPUT 48 "grid_i";
    .port_info 10 /OUTPUT 48 "grid_q";
P_0x562a77a7e570 .param/l "COUNT_W" 1 4 36, +C4<00000000000000000000000000000101>;
P_0x562a77a7e5b0 .param/l "IQ_WIDTH" 0 4 10, +C4<00000000000000000000000000000011>;
P_0x562a77a7e5f0 .param/l "M" 0 4 8, +C4<00000000000000000000000000000100>;
P_0x562a77a7e630 .param/l "N" 0 4 9, +C4<00000000000000000000000000000100>;
P_0x562a77a7e670 .param/l "TOTAL_SYMS" 1 4 35, +C4<00000000000000000000000000010000>;
v0x562a77a5d940_0 .net "clk", 0 0, v0x562a77a87290_0;  1 drivers
v0x562a77a5ec70_0 .net "frame_start", 0 0, v0x562a77a84910_0;  alias, 1 drivers
v0x562a77a60d90 .array/s "grid_i", 15 0, 2 0;
v0x562a77a4c550 .array/s "grid_q", 15 0, 2 0;
v0x562a77a56eb0_0 .var "grid_valid", 0 0;
v0x562a77a7ef60_0 .net/s "in_i", 2 0, v0x562a77a86aa0_0;  alias, 1 drivers
v0x562a77a7f040_0 .net/s "in_q", 2 0, v0x562a77a86b90_0;  alias, 1 drivers
v0x562a77a7f120_0 .net "in_valid", 0 0, v0x562a77a88100_0;  1 drivers
v0x562a77a7f1e0_0 .net "rst_n", 0 0, v0x562a77a88820_0;  1 drivers
v0x562a77a7f330_0 .var "sym_count", 4 0;
v0x562a77a7f410_0 .var "wr_col", 1 0;
v0x562a77a7f4f0_0 .var "wr_row", 1 0;
E_0x562a779e2290/0 .event negedge, v0x562a77a7f1e0_0;
E_0x562a779e2290/1 .event posedge, v0x562a77a5d940_0;
E_0x562a779e2290 .event/or E_0x562a779e2290/0, E_0x562a779e2290/1;
S_0x562a77a7f790 .scope module, "u_isfft_pingpong" "isfft_pingpong" 3 87, 5 1 0, S_0x562a77a62450;
 .timescale 0 0;
    .port_info 0 /INPUT 1 "clk";
    .port_info 1 /INPUT 1 "rst_n";
    .port_info 2 /INPUT 1 "grid_valid";
    .port_info 3 /INPUT 48 "grid_i";
    .port_info 4 /INPUT 48 "grid_q";
    .port_info 5 /OUTPUT 1 "frame_start";
    .port_info 6 /OUTPUT 1 "out_valid";
    .port_info 7 /INPUT 1 "out_ready";
    .port_info 8 /OUTPUT 7 "out_i";
    .port_info 9 /OUTPUT 7 "out_q";
    .port_info 10 /OUTPUT 1 "busy";
    .port_info 11 /OUTPUT 1 "frame_done";
P_0x562a77a7f920 .param/l "IDX_W" 1 5 28, +C4<00000000000000000000000000000100>;
P_0x562a77a7f960 .param/l "IQ_WIDTH" 0 5 4, +C4<00000000000000000000000000000011>;
P_0x562a77a7f9a0 .param/l "M" 0 5 2, +C4<00000000000000000000000000000100>;
P_0x562a77a7f9e0 .param/l "MAX_FFT" 1 5 29, +C4<00000000000000000000000001000000>;
P_0x562a77a7fa20 .param/l "N" 0 5 3, +C4<00000000000000000000000000000100>;
P_0x562a77a7fa60 .param/l "OUT_WIDTH" 0 5 5, +C4<00000000000000000000000000000111>;
P_0x562a77a7faa0 .param/real "PI_R" 1 5 32, Cr<m6487ed5110b46000gfc3>; value=3.14159
P_0x562a77a7fae0 .param/l "TOTAL" 1 5 27, +C4<00000000000000000000000000010000>;
P_0x562a77a7fb20 .param/l "TW_FRAC" 1 5 31, +C4<00000000000000000000000000001010>;
P_0x562a77a7fb60 .param/l "TW_W" 1 5 30, +C4<00000000000000000000000000001100>;
enum0x562a779c26f0 .enum4 (2)
   "S_IDLE" 2'b00,
   "S_ROW_PASS" 2'b01,
   "S_COL_PASS" 2'b10,
   "S_STREAM" 2'b11
 ;
v0x562a77a84390_0 .array/port v0x562a77a84390, 0;
L_0x562a77a8a440 .functor OR 1, L_0x562a77a8a140, v0x562a77a84390_0, C4<0>, C4<0>;
v0x562a77a84390_1 .array/port v0x562a77a84390, 1;
L_0x562a77a8a500 .functor OR 1, L_0x562a77a8a440, v0x562a77a84390_1, C4<0>, C4<0>;
L_0x562a77a9b170 .functor BUFZ 7, L_0x562a77a8a7a0, C4<0000000>, C4<0000000>, C4<0000000>;
L_0x562a77a9bc80 .functor BUFZ 7, L_0x562a77a9b380, C4<0000000>, C4<0000000>, C4<0000000>;
L_0x7fe2f1923018 .functor BUFT 1, C4<00>, C4<0>, C4<0>, C4<0>;
v0x562a77a823f0_0 .net/2u *"_ivl_0", 1 0, L_0x7fe2f1923018;  1 drivers
L_0x7fe2f1923060 .functor BUFT 1, C4<11>, C4<0>, C4<0>, C4<0>;
v0x562a77a824f0_0 .net/2u *"_ivl_10", 1 0, L_0x7fe2f1923060;  1 drivers
v0x562a77a825d0_0 .net *"_ivl_14", 6 0, L_0x562a77a8a7a0;  1 drivers
v0x562a77a826c0_0 .net *"_ivl_16", 7 0, L_0x562a77a8a840;  1 drivers
L_0x7fe2f19230a8 .functor BUFT 1, C4<0000000>, C4<0>, C4<0>, C4<0>;
v0x562a77a827a0_0 .net *"_ivl_19", 6 0, L_0x7fe2f19230a8;  1 drivers
v0x562a77a828d0_0 .net *"_ivl_2", 0 0, L_0x562a77a8a140;  1 drivers
v0x562a77a82990_0 .net *"_ivl_20", 11 0, L_0x562a77a8a9c0;  1 drivers
L_0x7fe2f19230f0 .functor BUFT 1, C4<0000>, C4<0>, C4<0>, C4<0>;
v0x562a77a82a70_0 .net *"_ivl_23", 3 0, L_0x7fe2f19230f0;  1 drivers
L_0x7fe2f1923138 .functor BUFT 1, C4<000000010000>, C4<0>, C4<0>, C4<0>;
v0x562a77a82b50_0 .net/2u *"_ivl_24", 11 0, L_0x7fe2f1923138;  1 drivers
v0x562a77a82cc0_0 .net *"_ivl_27", 11 0, L_0x562a77a9ab90;  1 drivers
v0x562a77a82da0_0 .net *"_ivl_28", 5 0, L_0x562a77a9ad10;  1 drivers
L_0x7fe2f1923180 .functor BUFT 1, C4<00>, C4<0>, C4<0>, C4<0>;
v0x562a77a82e80_0 .net *"_ivl_31", 1 0, L_0x7fe2f1923180;  1 drivers
L_0x7fe2f19231c8 .functor BUFT 1, C4<0>, C4<0>, C4<0>, C4<0>;
v0x562a77a82f60_0 .net *"_ivl_34", 0 0, L_0x7fe2f19231c8;  1 drivers
v0x562a77a83040_0 .net *"_ivl_35", 12 0, L_0x562a77a9ae00;  1 drivers
L_0x7fe2f1923210 .functor BUFT 1, C4<0000000>, C4<0>, C4<0>, C4<0>;
v0x562a77a83120_0 .net *"_ivl_38", 6 0, L_0x7fe2f1923210;  1 drivers
v0x562a77a83200_0 .net *"_ivl_39", 12 0, L_0x562a77a9af90;  1 drivers
v0x562a77a832e0_0 .net *"_ivl_40", 12 0, L_0x562a77a9b0d0;  1 drivers
v0x562a77a833c0_0 .net *"_ivl_44", 6 0, L_0x562a77a9b380;  1 drivers
v0x562a77a834a0_0 .net *"_ivl_46", 7 0, L_0x562a77a9b420;  1 drivers
L_0x7fe2f1923258 .functor BUFT 1, C4<0000000>, C4<0>, C4<0>, C4<0>;
v0x562a77a83580_0 .net *"_ivl_49", 6 0, L_0x7fe2f1923258;  1 drivers
v0x562a77a83660_0 .net *"_ivl_50", 11 0, L_0x562a77a9b580;  1 drivers
L_0x7fe2f19232a0 .functor BUFT 1, C4<0000>, C4<0>, C4<0>, C4<0>;
v0x562a77a83740_0 .net *"_ivl_53", 3 0, L_0x7fe2f19232a0;  1 drivers
L_0x7fe2f19232e8 .functor BUFT 1, C4<000000010000>, C4<0>, C4<0>, C4<0>;
v0x562a77a83820_0 .net/2u *"_ivl_54", 11 0, L_0x7fe2f19232e8;  1 drivers
v0x562a77a83900_0 .net *"_ivl_57", 11 0, L_0x562a77a9b670;  1 drivers
v0x562a77a839e0_0 .net *"_ivl_58", 5 0, L_0x562a77a9b830;  1 drivers
v0x562a77a83ac0_0 .net *"_ivl_6", 0 0, L_0x562a77a8a440;  1 drivers
L_0x7fe2f1923330 .functor BUFT 1, C4<00>, C4<0>, C4<0>, C4<0>;
v0x562a77a83b80_0 .net *"_ivl_61", 1 0, L_0x7fe2f1923330;  1 drivers
L_0x7fe2f1923378 .functor BUFT 1, C4<0>, C4<0>, C4<0>, C4<0>;
v0x562a77a83c60_0 .net *"_ivl_64", 0 0, L_0x7fe2f1923378;  1 drivers
v0x562a77a83d40_0 .net *"_ivl_65", 12 0, L_0x562a77a9b920;  1 drivers
L_0x7fe2f19233c0 .functor BUFT 1, C4<0000000>, C4<0>, C4<0>, C4<0>;
v0x562a77a83e20_0 .net *"_ivl_68", 6 0, L_0x7fe2f19233c0;  1 drivers
v0x562a77a83f00_0 .net *"_ivl_69", 12 0, L_0x562a77a9baa0;  1 drivers
v0x562a77a83fe0_0 .net *"_ivl_70", 12 0, L_0x562a77a9bbe0;  1 drivers
v0x562a77a840c0_0 .var/real "ang", 0 0;
v0x562a77a84390 .array "bank_full", 1 0, 0 0;
v0x562a77a84490_0 .net "busy", 0 0, L_0x562a77a8a500;  alias, 1 drivers
v0x562a77a84550_0 .var/i "c", 31 0;
v0x562a77a84630_0 .var "cap_bank_sel", 0 0;
v0x562a77a846f0_0 .net "clk", 0 0, v0x562a77a87290_0;  alias, 1 drivers
v0x562a77a84790_0 .var "col_count", 3 0;
v0x562a77a84850_0 .var "frame_done", 0 0;
v0x562a77a84910_0 .var "frame_start", 0 0;
v0x562a77a849e0 .array "grid_i", 15 0;
v0x562a77a849e0_0 .net/s v0x562a77a849e0 0, 2 0, L_0x562a77a9bed0; 1 drivers
v0x562a77a849e0_1 .net/s v0x562a77a849e0 1, 2 0, L_0x562a77a9bf90; 1 drivers
v0x562a77a849e0_2 .net/s v0x562a77a849e0 2, 2 0, L_0x562a77a8a2b0; 1 drivers
v0x562a77a849e0_3 .net/s v0x562a77a849e0 3, 2 0, L_0x562a77a9c170; 1 drivers
v0x562a77a849e0_4 .net/s v0x562a77a849e0 4, 2 0, L_0x562a77a9c050; 1 drivers
v0x562a77a849e0_5 .net/s v0x562a77a849e0 5, 2 0, L_0x562a77a9c310; 1 drivers
v0x562a77a849e0_6 .net/s v0x562a77a849e0 6, 2 0, L_0x562a77a9c1e0; 1 drivers
v0x562a77a849e0_7 .net/s v0x562a77a849e0 7, 2 0, L_0x562a77a9c2a0; 1 drivers
v0x562a77a849e0_8 .net/s v0x562a77a849e0 8, 2 0, L_0x562a77a9c380; 1 drivers
v0x562a77a849e0_9 .net/s v0x562a77a849e0 9, 2 0, L_0x562a77a9c440; 1 drivers
v0x562a77a849e0_10 .net/s v0x562a77a849e0 10, 2 0, L_0x562a77a9c510; 1 drivers
v0x562a77a849e0_11 .net/s v0x562a77a849e0 11, 2 0, L_0x562a77a9c5d0; 1 drivers
v0x562a77a849e0_12 .net/s v0x562a77a849e0 12, 2 0, L_0x562a77a9c6b0; 1 drivers
v0x562a77a849e0_13 .net/s v0x562a77a849e0 13, 2 0, L_0x562a77a9c770; 1 drivers
v0x562a77a849e0_14 .net/s v0x562a77a849e0 14, 2 0, L_0x562a77a9c860; 1 drivers
v0x562a77a849e0_15 .net/s v0x562a77a849e0 15, 2 0, L_0x562a77a9c920; 1 drivers
v0x562a77a84c80 .array "grid_q", 15 0;
v0x562a77a84c80_0 .net/s v0x562a77a84c80 0, 2 0, L_0x562a77a9ca20; 1 drivers
v0x562a77a84c80_1 .net/s v0x562a77a84c80 1, 2 0, L_0x562a77a9cae0; 1 drivers
v0x562a77a84c80_2 .net/s v0x562a77a84c80 2, 2 0, L_0x562a77a9cd90; 1 drivers
v0x562a77a84c80_3 .net/s v0x562a77a84c80 3, 2 0, L_0x562a77a9ce50; 1 drivers
v0x562a77a84c80_4 .net/s v0x562a77a84c80 4, 2 0, L_0x562a77a9cbf0; 1 drivers
v0x562a77a84c80_5 .net/s v0x562a77a84c80 5, 2 0, L_0x562a77a9ccb0; 1 drivers
v0x562a77a84c80_6 .net/s v0x562a77a84c80 6, 2 0, L_0x562a77a9d0d0; 1 drivers
v0x562a77a84c80_7 .net/s v0x562a77a84c80 7, 2 0, L_0x562a77a9d190; 1 drivers
v0x562a77a84c80_8 .net/s v0x562a77a84c80 8, 2 0, L_0x562a77a9cf10; 1 drivers
v0x562a77a84c80_9 .net/s v0x562a77a84c80 9, 2 0, L_0x562a77a9cfd0; 1 drivers
v0x562a77a84c80_10 .net/s v0x562a77a84c80 10, 2 0, L_0x562a77a9d430; 1 drivers
v0x562a77a84c80_11 .net/s v0x562a77a84c80 11, 2 0, L_0x562a77a9d4f0; 1 drivers
v0x562a77a84c80_12 .net/s v0x562a77a84c80 12, 2 0, L_0x562a77a9d250; 1 drivers
v0x562a77a84c80_13 .net/s v0x562a77a84c80 13, 2 0, L_0x562a77a9d310; 1 drivers
v0x562a77a84c80_14 .net/s v0x562a77a84c80 14, 2 0, L_0x562a77a9d7b0; 1 drivers
v0x562a77a84c80_15 .net/s v0x562a77a84c80 15, 2 0, L_0x562a77a9d820; 1 drivers
v0x562a77a84fd0_0 .net "grid_valid", 0 0, v0x562a77a56eb0_0;  alias, 1 drivers
v0x562a77a850a0 .array/s "in_bank_i", 31 0, 2 0;
v0x562a77a85140 .array/s "in_bank_q", 31 0, 2 0;
v0x562a77a85200_0 .var/i "lin", 31 0;
v0x562a77a852e0 .array/s "out_bank_i", 31 0, 6 0;
v0x562a77a853a0 .array/s "out_bank_q", 31 0, 6 0;
v0x562a77a85460_0 .var "out_count", 3 0;
v0x562a77a85540_0 .net/s "out_i", 6 0, L_0x562a77a9b170;  alias, 1 drivers
v0x562a77a85620_0 .net/s "out_q", 6 0, L_0x562a77a9bc80;  alias, 1 drivers
v0x562a77a85700_0 .net "out_ready", 0 0, v0x562a77a88520_0;  1 drivers
v0x562a77a857c0_0 .net "out_valid", 0 0, L_0x562a77a8a610;  alias, 1 drivers
v0x562a77a85880_0 .var "proc_bank_sel", 0 0;
v0x562a77a85940_0 .var/i "r", 31 0;
v0x562a77a85a20 .array/s "row_bank_i", 31 0, 6 0;
v0x562a77a85ae0 .array/s "row_bank_q", 31 0, 6 0;
v0x562a77a85ba0_0 .var "row_count", 3 0;
v0x562a77a85c80_0 .net "rst_n", 0 0, v0x562a77a88820_0;  alias, 1 drivers
v0x562a77a85d50_0 .var "state", 1 0;
v0x562a77a85e10_0 .var/i "ti", 31 0;
v0x562a77a85ef0 .array/s "tw_cos", 63 0, 11 0;
v0x562a77a85fb0 .array/s "tw_sin", 63 0, 11 0;
L_0x562a77a8a140 .cmp/ne 2, v0x562a77a85d50_0, L_0x7fe2f1923018;
L_0x562a77a8a610 .cmp/eq 2, v0x562a77a85d50_0, L_0x7fe2f1923060;
L_0x562a77a8a7a0 .array/port v0x562a77a852e0, L_0x562a77a9b0d0;
L_0x562a77a8a840 .concat [ 1 7 0 0], v0x562a77a85880_0, L_0x7fe2f19230a8;
L_0x562a77a8a9c0 .concat [ 8 4 0 0], L_0x562a77a8a840, L_0x7fe2f19230f0;
L_0x562a77a9ab90 .arith/mult 12, L_0x562a77a8a9c0, L_0x7fe2f1923138;
L_0x562a77a9ad10 .concat [ 4 2 0 0], v0x562a77a85460_0, L_0x7fe2f1923180;
L_0x562a77a9ae00 .concat [ 12 1 0 0], L_0x562a77a9ab90, L_0x7fe2f19231c8;
L_0x562a77a9af90 .concat [ 6 7 0 0], L_0x562a77a9ad10, L_0x7fe2f1923210;
L_0x562a77a9b0d0 .arith/sum 13, L_0x562a77a9ae00, L_0x562a77a9af90;
L_0x562a77a9b380 .array/port v0x562a77a853a0, L_0x562a77a9bbe0;
L_0x562a77a9b420 .concat [ 1 7 0 0], v0x562a77a85880_0, L_0x7fe2f1923258;
L_0x562a77a9b580 .concat [ 8 4 0 0], L_0x562a77a9b420, L_0x7fe2f19232a0;
L_0x562a77a9b670 .arith/mult 12, L_0x562a77a9b580, L_0x7fe2f19232e8;
L_0x562a77a9b830 .concat [ 4 2 0 0], v0x562a77a85460_0, L_0x7fe2f1923330;
L_0x562a77a9b920 .concat [ 12 1 0 0], L_0x562a77a9b670, L_0x7fe2f1923378;
L_0x562a77a9baa0 .concat [ 6 7 0 0], L_0x562a77a9b830, L_0x7fe2f19233c0;
L_0x562a77a9bbe0 .arith/sum 13, L_0x562a77a9b920, L_0x562a77a9baa0;
S_0x562a77a80240 .scope begin, "$unm_blk_40" "$unm_blk_40" 5 144, 5 144 0, S_0x562a77a7f790;
 .timescale 0 0;
v0x562a77a80440_0 .var/2s "acc_i", 31 0;
v0x562a77a80540_0 .var/2s "acc_r", 31 0;
v0x562a77a80620_0 .var/2s "idx", 31 0;
v0x562a77a80710_0 .var/2s "kk", 31 0;
v0x562a77a807f0_0 .var/2s "nn", 31 0;
v0x562a77a80920_0 .var/2s "phase", 31 0;
v0x562a77a80a00_0 .var/2s "pi", 31 0;
v0x562a77a80ae0_0 .var/2s "pr", 31 0;
v0x562a77a80bc0_0 .var/2s "rr", 31 0;
v0x562a77a80ca0_0 .var/2s "sN", 31 0;
v0x562a77a80d80_0 .var/2s "wi", 31 0;
v0x562a77a80e60_0 .var/2s "wr", 31 0;
v0x562a77a80f40_0 .var/2s "xi", 31 0;
v0x562a77a81020_0 .var/2s "xr", 31 0;
S_0x562a77a81100 .scope begin, "$unm_blk_46" "$unm_blk_46" 5 203, 5 203 0, S_0x562a77a7f790;
 .timescale 0 0;
v0x562a77a812b0_0 .var/2s "acc_i", 31 0;
v0x562a77a81390_0 .var/2s "acc_r", 31 0;
v0x562a77a81470_0 .var/2s "cc", 31 0;
v0x562a77a81530_0 .var/2s "idx", 31 0;
v0x562a77a81610_0 .var/2s "nn", 31 0;
v0x562a77a81740_0 .var/2s "phase", 31 0;
v0x562a77a81820_0 .var/2s "pi", 31 0;
v0x562a77a81900_0 .var/2s "pr", 31 0;
v0x562a77a819e0_0 .var/2s "rr", 31 0;
v0x562a77a81b50_0 .var/2s "sM", 31 0;
v0x562a77a81c30_0 .var/2s "wi", 31 0;
v0x562a77a81d10_0 .var/2s "wr", 31 0;
v0x562a77a81df0_0 .var/2s "xi", 31 0;
v0x562a77a81ed0_0 .var/2s "xr", 31 0;
S_0x562a77a81fb0 .scope autofunction.vec2.u32, "int_sqrt_floor" "int_sqrt_floor" 5 68, 5 68 0, S_0x562a77a7f790;
 .timescale 0 0;
; Variable int_sqrt_floor is bool return value of scope S_0x562a77a81fb0
v0x562a77a82220_0 .var/2s "v", 31 0;
v0x562a77a82300_0 .var/2s "x", 31 0;
TD_tb_isfft_chain.u_isfft_pingpong.int_sqrt_floor ;
    %pushi/vec4 0, 0, 32;
    %store/vec4 v0x562a77a82300_0, 0, 32;
T_0.0 ;
    %load/vec4 v0x562a77a82300_0;
    %addi 1, 0, 32;
    %load/vec4 v0x562a77a82300_0;
    %addi 1, 0, 32;
    %mul;
    %load/vec4 v0x562a77a82220_0;
    %cmp/s;
    %flag_or 5, 4;
    %jmp/0xz T_0.1, 5;
    %load/vec4 v0x562a77a82300_0;
    %addi 1, 0, 32;
    %store/vec4 v0x562a77a82300_0, 0, 32;
    %jmp T_0.0;
T_0.1 ;
    %load/vec4 v0x562a77a82300_0;
    %cmpi/e 0, 0, 32;
    %jmp/0xz  T_0.2, 4;
    %pushi/vec4 1, 0, 32;
    %ret/vec4 0, 0, 32;  Assign to int_sqrt_floor (store_vec4_to_lval)
    %jmp T_0.3;
T_0.2 ;
    %load/vec4 v0x562a77a82300_0;
    %ret/vec4 0, 0, 32;  Assign to int_sqrt_floor (store_vec4_to_lval)
T_0.3 ;
    %end;
S_0x562a77a861f0 .scope module, "u_qam_mapper" "qam_mapper" 3 58, 6 1 0, S_0x562a77a62450;
 .timescale 0 0;
    .port_info 0 /INPUT 4 "bits";
    .port_info 1 /OUTPUT 3 "i";
    .port_info 2 /OUTPUT 3 "q";
P_0x562a7799c3c0 .param/l "BITS_PER_SYMBOL" 0 6 4, +C4<00000000000000000000000000000100>;
P_0x562a7799c400 .param/l "IQ_WIDTH" 0 6 3, +C4<00000000000000000000000000000011>;
P_0x562a7799c440 .param/l "MODULATION_ORDER" 0 6 2, +C4<00000000000000000000000000010000>;
v0x562a77a86cd0_0 .net "bits", 3 0, v0x562a77a87020_0;  1 drivers
v0x562a77a86dc0_0 .net/s "i", 2 0, v0x562a77a86aa0_0;  alias, 1 drivers
v0x562a77a86eb0_0 .net/s "q", 2 0, v0x562a77a86b90_0;  alias, 1 drivers
S_0x562a77a865b0 .scope module, "ROM" "constellation_rom" 6 15, 7 1 0, S_0x562a77a861f0;
 .timescale 0 0;
    .port_info 0 /INPUT 4 "addr";
    .port_info 1 /OUTPUT 3 "i";
    .port_info 2 /OUTPUT 3 "q";
P_0x562a77a863d0 .param/l "IQ_WIDTH" 0 7 3, +C4<00000000000000000000000000000011>;
P_0x562a77a86410 .param/l "MODULATION_ORDER" 0 7 2, +C4<00000000000000000000000000010000>;
v0x562a77a869a0_0 .net "addr", 3 0, v0x562a77a87020_0;  alias, 1 drivers
v0x562a77a86aa0_0 .var/s "i", 2 0;
v0x562a77a86b90_0 .var/s "q", 2 0;
E_0x562a779e1c60 .event anyedge, v0x562a77a869a0_0;
    .scope S_0x562a77a865b0;
T_1 ;
Ewait_0 .event/or E_0x562a779e1c60, E_0x0;
    %wait Ewait_0;
    %pushi/vec4 0, 0, 3;
    %store/vec4 v0x562a77a86aa0_0, 0, 3;
    %pushi/vec4 0, 0, 3;
    %store/vec4 v0x562a77a86b90_0, 0, 3;
    %pushi/vec4 16, 0, 32;
    %dup/vec4;
    %pushi/vec4 16, 0, 32;
    %cmp/u;
    %jmp/1 T_1.0, 6;
    %pushi/vec4 0, 0, 3;
    %store/vec4 v0x562a77a86aa0_0, 0, 3;
    %pushi/vec4 0, 0, 3;
    %store/vec4 v0x562a77a86b90_0, 0, 3;
    %jmp T_1.2;
T_1.0 ;
    %load/vec4 v0x562a77a869a0_0;
    %dup/vec4;
    %pushi/vec4 0, 0, 4;
    %cmp/u;
    %jmp/1 T_1.3, 6;
    %dup/vec4;
    %pushi/vec4 1, 0, 4;
    %cmp/u;
    %jmp/1 T_1.4, 6;
    %dup/vec4;
    %pushi/vec4 3, 0, 4;
    %cmp/u;
    %jmp/1 T_1.5, 6;
    %dup/vec4;
    %pushi/vec4 2, 0, 4;
    %cmp/u;
    %jmp/1 T_1.6, 6;
    %dup/vec4;
    %pushi/vec4 4, 0, 4;
    %cmp/u;
    %jmp/1 T_1.7, 6;
    %dup/vec4;
    %pushi/vec4 5, 0, 4;
    %cmp/u;
    %jmp/1 T_1.8, 6;
    %dup/vec4;
    %pushi/vec4 7, 0, 4;
    %cmp/u;
    %jmp/1 T_1.9, 6;
    %dup/vec4;
    %pushi/vec4 6, 0, 4;
    %cmp/u;
    %jmp/1 T_1.10, 6;
    %dup/vec4;
    %pushi/vec4 12, 0, 4;
    %cmp/u;
    %jmp/1 T_1.11, 6;
    %dup/vec4;
    %pushi/vec4 13, 0, 4;
    %cmp/u;
    %jmp/1 T_1.12, 6;
    %dup/vec4;
    %pushi/vec4 15, 0, 4;
    %cmp/u;
    %jmp/1 T_1.13, 6;
    %dup/vec4;
    %pushi/vec4 14, 0, 4;
    %cmp/u;
    %jmp/1 T_1.14, 6;
    %dup/vec4;
    %pushi/vec4 8, 0, 4;
    %cmp/u;
    %jmp/1 T_1.15, 6;
    %dup/vec4;
    %pushi/vec4 9, 0, 4;
    %cmp/u;
    %jmp/1 T_1.16, 6;
    %dup/vec4;
    %pushi/vec4 11, 0, 4;
    %cmp/u;
    %jmp/1 T_1.17, 6;
    %dup/vec4;
    %pushi/vec4 10, 0, 4;
    %cmp/u;
    %jmp/1 T_1.18, 6;
    %jmp T_1.19;
T_1.3 ;
    %pushi/vec4 5, 0, 3;
    %store/vec4 v0x562a77a86aa0_0, 0, 3;
    %pushi/vec4 5, 0, 3;
    %store/vec4 v0x562a77a86b90_0, 0, 3;
    %jmp T_1.19;
T_1.4 ;
    %pushi/vec4 5, 0, 3;
    %store/vec4 v0x562a77a86aa0_0, 0, 3;
    %pushi/vec4 7, 0, 3;
    %store/vec4 v0x562a77a86b90_0, 0, 3;
    %jmp T_1.19;
T_1.5 ;
    %pushi/vec4 5, 0, 3;
    %store/vec4 v0x562a77a86aa0_0, 0, 3;
    %pushi/vec4 1, 0, 3;
    %store/vec4 v0x562a77a86b90_0, 0, 3;
    %jmp T_1.19;
T_1.6 ;
    %pushi/vec4 5, 0, 3;
    %store/vec4 v0x562a77a86aa0_0, 0, 3;
    %pushi/vec4 3, 0, 3;
    %store/vec4 v0x562a77a86b90_0, 0, 3;
    %jmp T_1.19;
T_1.7 ;
    %pushi/vec4 7, 0, 3;
    %store/vec4 v0x562a77a86aa0_0, 0, 3;
    %pushi/vec4 5, 0, 3;
    %store/vec4 v0x562a77a86b90_0, 0, 3;
    %jmp T_1.19;
T_1.8 ;
    %pushi/vec4 7, 0, 3;
    %store/vec4 v0x562a77a86aa0_0, 0, 3;
    %pushi/vec4 7, 0, 3;
    %store/vec4 v0x562a77a86b90_0, 0, 3;
    %jmp T_1.19;
T_1.9 ;
    %pushi/vec4 7, 0, 3;
    %store/vec4 v0x562a77a86aa0_0, 0, 3;
    %pushi/vec4 1, 0, 3;
    %store/vec4 v0x562a77a86b90_0, 0, 3;
    %jmp T_1.19;
T_1.10 ;
    %pushi/vec4 7, 0, 3;
    %store/vec4 v0x562a77a86aa0_0, 0, 3;
    %pushi/vec4 3, 0, 3;
    %store/vec4 v0x562a77a86b90_0, 0, 3;
    %jmp T_1.19;
T_1.11 ;
    %pushi/vec4 1, 0, 3;
    %store/vec4 v0x562a77a86aa0_0, 0, 3;
    %pushi/vec4 5, 0, 3;
    %store/vec4 v0x562a77a86b90_0, 0, 3;
    %jmp T_1.19;
T_1.12 ;
    %pushi/vec4 1, 0, 3;
    %store/vec4 v0x562a77a86aa0_0, 0, 3;
    %pushi/vec4 7, 0, 3;
    %store/vec4 v0x562a77a86b90_0, 0, 3;
    %jmp T_1.19;
T_1.13 ;
    %pushi/vec4 1, 0, 3;
    %store/vec4 v0x562a77a86aa0_0, 0, 3;
    %pushi/vec4 1, 0, 3;
    %store/vec4 v0x562a77a86b90_0, 0, 3;
    %jmp T_1.19;
T_1.14 ;
    %pushi/vec4 1, 0, 3;
    %store/vec4 v0x562a77a86aa0_0, 0, 3;
    %pushi/vec4 3, 0, 3;
    %store/vec4 v0x562a77a86b90_0, 0, 3;
    %jmp T_1.19;
T_1.15 ;
    %pushi/vec4 3, 0, 3;
    %store/vec4 v0x562a77a86aa0_0, 0, 3;
    %pushi/vec4 5, 0, 3;
    %store/vec4 v0x562a77a86b90_0, 0, 3;
    %jmp T_1.19;
T_1.16 ;
    %pushi/vec4 3, 0, 3;
    %store/vec4 v0x562a77a86aa0_0, 0, 3;
    %pushi/vec4 7, 0, 3;
    %store/vec4 v0x562a77a86b90_0, 0, 3;
    %jmp T_1.19;
T_1.17 ;
    %pushi/vec4 3, 0, 3;
    %store/vec4 v0x562a77a86aa0_0, 0, 3;
    %pushi/vec4 1, 0, 3;
    %store/vec4 v0x562a77a86b90_0, 0, 3;
    %jmp T_1.19;
T_1.18 ;
    %pushi/vec4 3, 0, 3;
    %store/vec4 v0x562a77a86aa0_0, 0, 3;
    %pushi/vec4 3, 0, 3;
    %store/vec4 v0x562a77a86b90_0, 0, 3;
    %jmp T_1.19;
T_1.19 ;
    %pop/vec4 1;
    %jmp T_1.2;
T_1.2 ;
    %pop/vec4 1;
    %jmp T_1;
    .thread T_1, $push;
    .scope S_0x562a77a7e370;
T_2 ;
    %wait E_0x562a779e2290;
    %load/vec4 v0x562a77a7f1e0_0;
    %nor/r;
    %flag_set/vec4 8;
    %jmp/0xz  T_2.0, 8;
    %pushi/vec4 0, 0, 2;
    %assign/vec4 v0x562a77a7f4f0_0, 0;
    %pushi/vec4 0, 0, 2;
    %assign/vec4 v0x562a77a7f410_0, 0;
    %pushi/vec4 0, 0, 5;
    %assign/vec4 v0x562a77a7f330_0, 0;
    %pushi/vec4 0, 0, 1;
    %assign/vec4 v0x562a77a56eb0_0, 0;
    %jmp T_2.1;
T_2.0 ;
    %load/vec4 v0x562a77a5ec70_0;
    %flag_set/vec4 8;
    %jmp/0xz  T_2.2, 8;
    %pushi/vec4 0, 0, 2;
    %assign/vec4 v0x562a77a7f4f0_0, 0;
    %pushi/vec4 0, 0, 2;
    %assign/vec4 v0x562a77a7f410_0, 0;
    %pushi/vec4 0, 0, 5;
    %assign/vec4 v0x562a77a7f330_0, 0;
    %pushi/vec4 0, 0, 1;
    %assign/vec4 v0x562a77a56eb0_0, 0;
    %jmp T_2.3;
T_2.2 ;
    %load/vec4 v0x562a77a7f120_0;
    %flag_set/vec4 9;
    %flag_get/vec4 9;
    %jmp/0 T_2.6, 9;
    %load/vec4 v0x562a77a56eb0_0;
    %nor/r;
    %and;
T_2.6;
    %flag_set/vec4 8;
    %jmp/0xz  T_2.4, 8;
    %load/vec4 v0x562a77a7ef60_0;
    %load/vec4 v0x562a77a7f4f0_0;
    %pad/u 7;
    %pad/u 9;
    %muli 4, 0, 9;
    %pad/u 10;
    %load/vec4 v0x562a77a7f410_0;
    %pad/u 4;
    %pad/u 10;
    %add;
    %ix/vec4 3;
    %ix/load 4, 0, 0; Constant delay
    %assign/vec4/a/d v0x562a77a60d90, 0, 4;
    %load/vec4 v0x562a77a7f040_0;
    %load/vec4 v0x562a77a7f4f0_0;
    %pad/u 7;
    %pad/u 9;
    %muli 4, 0, 9;
    %pad/u 10;
    %load/vec4 v0x562a77a7f410_0;
    %pad/u 4;
    %pad/u 10;
    %add;
    %ix/vec4 3;
    %ix/load 4, 0, 0; Constant delay
    %assign/vec4/a/d v0x562a77a4c550, 0, 4;
    %load/vec4 v0x562a77a7f330_0;
    %addi 1, 0, 5;
    %assign/vec4 v0x562a77a7f330_0, 0;
    %load/vec4 v0x562a77a7f330_0;
    %pad/u 32;
    %cmpi/e 15, 0, 32;
    %jmp/0xz  T_2.7, 4;
    %pushi/vec4 1, 0, 1;
    %assign/vec4 v0x562a77a56eb0_0, 0;
    %jmp T_2.8;
T_2.7 ;
    %load/vec4 v0x562a77a7f410_0;
    %pad/u 32;
    %cmpi/e 3, 0, 32;
    %jmp/0xz  T_2.9, 4;
    %pushi/vec4 0, 0, 2;
    %assign/vec4 v0x562a77a7f410_0, 0;
    %load/vec4 v0x562a77a7f4f0_0;
    %addi 1, 0, 2;
    %assign/vec4 v0x562a77a7f4f0_0, 0;
    %jmp T_2.10;
T_2.9 ;
    %load/vec4 v0x562a77a7f410_0;
    %addi 1, 0, 2;
    %assign/vec4 v0x562a77a7f410_0, 0;
T_2.10 ;
T_2.8 ;
T_2.4 ;
T_2.3 ;
T_2.1 ;
    %jmp T_2;
    .thread T_2;
    .scope S_0x562a77a7f790;
T_3 ;
    %pushi/vec4 0, 0, 32;
    %store/vec4 v0x562a77a85e10_0, 0, 32;
T_3.0 ; Top of for-loop
    %load/vec4 v0x562a77a85e10_0;
    %cmpi/s 64, 0, 32;
	  %jmp/0xz T_3.1, 5;
    %pushi/real 1686629713, 4068; load=6.28319
    %pushi/real 273688, 4046; load=6.28319
    %add/wr;
    %load/vec4 v0x562a77a85e10_0;
    %cvt/rv/s;
    %mul/wr;
    %pushi/vec4 64, 0, 32;
    %cvt/rv/s;
    %div/wr;
    %store/real v0x562a77a840c0_0;
    %vpi_func/r 5 84 "$cos", v0x562a77a840c0_0 {0 0 0};
    %pushi/vec4 1024, 0, 32;
    %cvt/rv/s;
    %mul/wr;
    %vpi_func 5 84 "$rtoi" 32, W<0,r> {0 1 0};
    %pad/s 12;
    %ix/getv/s 4, v0x562a77a85e10_0;
    %store/vec4a v0x562a77a85ef0, 4, 0;
    %vpi_func/r 5 85 "$sin", v0x562a77a840c0_0 {0 0 0};
    %pushi/vec4 1024, 0, 32;
    %cvt/rv/s;
    %mul/wr;
    %vpi_func 5 85 "$rtoi" 32, W<0,r> {0 1 0};
    %pad/s 12;
    %ix/getv/s 4, v0x562a77a85e10_0;
    %store/vec4a v0x562a77a85fb0, 4, 0;
T_3.2 ; for-loop step statement
    %load/vec4 v0x562a77a85e10_0;
    %addi 1, 0, 32;
    %store/vec4 v0x562a77a85e10_0, 0, 32;
    %jmp T_3.0;
T_3.1 ; for-loop exit label
    %end;
    .thread T_3;
    .scope S_0x562a77a7f790;
T_4 ;
    %wait E_0x562a779e2290;
    %load/vec4 v0x562a77a85c80_0;
    %nor/r;
    %flag_set/vec4 8;
    %jmp/0xz  T_4.0, 8;
    %pushi/vec4 0, 0, 2;
    %assign/vec4 v0x562a77a85d50_0, 0;
    %pushi/vec4 0, 0, 1;
    %assign/vec4 v0x562a77a84630_0, 0;
    %pushi/vec4 0, 0, 1;
    %assign/vec4 v0x562a77a85880_0, 0;
    %pushi/vec4 0, 0, 1;
    %ix/load 3, 0, 0;
    %flag_set/imm 4, 0;
    %ix/load 4, 0, 0; Constant delay
    %assign/vec4/a/d v0x562a77a84390, 0, 4;
    %pushi/vec4 0, 0, 1;
    %ix/load 3, 1, 0;
    %flag_set/imm 4, 0;
    %ix/load 4, 0, 0; Constant delay
    %assign/vec4/a/d v0x562a77a84390, 0, 4;
    %pushi/vec4 0, 0, 4;
    %assign/vec4 v0x562a77a85ba0_0, 0;
    %pushi/vec4 0, 0, 4;
    %assign/vec4 v0x562a77a84790_0, 0;
    %pushi/vec4 0, 0, 4;
    %assign/vec4 v0x562a77a85460_0, 0;
    %pushi/vec4 0, 0, 1;
    %assign/vec4 v0x562a77a84910_0, 0;
    %pushi/vec4 0, 0, 1;
    %assign/vec4 v0x562a77a84850_0, 0;
    %jmp T_4.1;
T_4.0 ;
    %pushi/vec4 0, 0, 1;
    %assign/vec4 v0x562a77a84910_0, 0;
    %pushi/vec4 0, 0, 1;
    %assign/vec4 v0x562a77a84850_0, 0;
    %load/vec4 v0x562a77a84fd0_0;
    %flag_set/vec4 9;
    %flag_get/vec4 9;
    %jmp/0 T_4.4, 9;
    %load/vec4 v0x562a77a84630_0;
    %pad/u 3;
    %ix/vec4 4;
    %load/vec4a v0x562a77a84390, 4;
    %nor/r;
    %and;
T_4.4;
    %flag_set/vec4 8;
    %jmp/0xz  T_4.2, 8;
    %pushi/vec4 0, 0, 32;
    %store/vec4 v0x562a77a85940_0, 0, 32;
T_4.5 ; Top of for-loop
    %load/vec4 v0x562a77a85940_0;
    %cmpi/s 4, 0, 32;
	  %jmp/0xz T_4.6, 5;
    %pushi/vec4 0, 0, 32;
    %store/vec4 v0x562a77a84550_0, 0, 32;
T_4.8 ; Top of for-loop
    %load/vec4 v0x562a77a84550_0;
    %cmpi/s 4, 0, 32;
	  %jmp/0xz T_4.9, 5;
    %load/vec4 v0x562a77a85940_0;
    %muli 4, 0, 32;
    %load/vec4 v0x562a77a84550_0;
    %add;
    %store/vec4 v0x562a77a85200_0, 0, 32;
    %load/vec4 v0x562a77a85940_0;
    %pad/s 35;
    %pad/s 37;
    %muli 4, 0, 37;
    %pad/s 38;
    %load/vec4 v0x562a77a84550_0;
    %pad/s 38;
    %add;
    %ix/vec4/s 4;
    %load/vec4a v0x562a77a849e0, 4;
    %load/vec4 v0x562a77a84630_0;
    %pad/u 8;
    %pad/u 12;
    %muli 16, 0, 12;
    %pad/u 13;
    %load/vec4 v0x562a77a85200_0;
    %pad/s 13;
    %add;
    %ix/vec4 3;
    %ix/load 4, 0, 0; Constant delay
    %assign/vec4/a/d v0x562a77a850a0, 0, 4;
    %load/vec4 v0x562a77a85940_0;
    %pad/s 35;
    %pad/s 37;
    %muli 4, 0, 37;
    %pad/s 38;
    %load/vec4 v0x562a77a84550_0;
    %pad/s 38;
    %add;
    %ix/vec4/s 4;
    %load/vec4a v0x562a77a84c80, 4;
    %load/vec4 v0x562a77a84630_0;
    %pad/u 8;
    %pad/u 12;
    %muli 16, 0, 12;
    %pad/u 13;
    %load/vec4 v0x562a77a85200_0;
    %pad/s 13;
    %add;
    %ix/vec4 3;
    %ix/load 4, 0, 0; Constant delay
    %assign/vec4/a/d v0x562a77a85140, 0, 4;
T_4.10 ; for-loop step statement
    %load/vec4 v0x562a77a84550_0;
    %addi 1, 0, 32;
    %store/vec4 v0x562a77a84550_0, 0, 32;
    %jmp T_4.8;
T_4.9 ; for-loop exit label
T_4.7 ; for-loop step statement
    %load/vec4 v0x562a77a85940_0;
    %addi 1, 0, 32;
    %store/vec4 v0x562a77a85940_0, 0, 32;
    %jmp T_4.5;
T_4.6 ; for-loop exit label
    %pushi/vec4 1, 0, 1;
    %load/vec4 v0x562a77a84630_0;
    %pad/u 3;
    %ix/vec4 3;
    %ix/load 4, 0, 0; Constant delay
    %assign/vec4/a/d v0x562a77a84390, 0, 4;
    %load/vec4 v0x562a77a84630_0;
    %inv;
    %assign/vec4 v0x562a77a84630_0, 0;
    %pushi/vec4 1, 0, 1;
    %assign/vec4 v0x562a77a84910_0, 0;
T_4.2 ;
    %load/vec4 v0x562a77a85d50_0;
    %dup/vec4;
    %pushi/vec4 0, 0, 2;
    %cmp/u;
    %jmp/1 T_4.11, 6;
    %dup/vec4;
    %pushi/vec4 1, 0, 2;
    %cmp/u;
    %jmp/1 T_4.12, 6;
    %dup/vec4;
    %pushi/vec4 2, 0, 2;
    %cmp/u;
    %jmp/1 T_4.13, 6;
    %dup/vec4;
    %pushi/vec4 3, 0, 2;
    %cmp/u;
    %jmp/1 T_4.14, 6;
    %pushi/vec4 0, 0, 2;
    %assign/vec4 v0x562a77a85d50_0, 0;
    %jmp T_4.16;
T_4.11 ;
    %pushi/vec4 0, 0, 4;
    %assign/vec4 v0x562a77a85ba0_0, 0;
    %pushi/vec4 0, 0, 4;
    %assign/vec4 v0x562a77a84790_0, 0;
    %pushi/vec4 0, 0, 4;
    %assign/vec4 v0x562a77a85460_0, 0;
    %load/vec4 v0x562a77a85880_0;
    %pad/u 3;
    %ix/vec4 4;
    %load/vec4a v0x562a77a84390, 4;
    %flag_set/vec4 8;
    %jmp/0xz  T_4.17, 8;
    %pushi/vec4 1, 0, 2;
    %assign/vec4 v0x562a77a85d50_0, 0;
    %jmp T_4.18;
T_4.17 ;
    %load/vec4 v0x562a77a85880_0;
    %inv;
    %pad/u 3;
    %ix/vec4 4;
    %load/vec4a v0x562a77a84390, 4;
    %flag_set/vec4 8;
    %jmp/0xz  T_4.19, 8;
    %load/vec4 v0x562a77a85880_0;
    %inv;
    %assign/vec4 v0x562a77a85880_0, 0;
    %pushi/vec4 1, 0, 2;
    %assign/vec4 v0x562a77a85d50_0, 0;
T_4.19 ;
T_4.18 ;
    %jmp T_4.16;
T_4.12 ;
    %fork t_1, S_0x562a77a80240;
    %jmp t_0;
    .scope S_0x562a77a80240;
t_1 ;
    %load/vec4 v0x562a77a85ba0_0;
    %pad/u 32;
    %pushi/vec4 4, 0, 32;
    %div;
    %cast2;
    %store/vec4 v0x562a77a80bc0_0, 0, 32;
    %load/vec4 v0x562a77a85ba0_0;
    %pad/u 32;
    %pushi/vec4 4, 0, 32;
    %mod;
    %cast2;
    %store/vec4 v0x562a77a80710_0, 0, 32;
    %pushi/vec4 0, 0, 32;
    %store/vec4 v0x562a77a80540_0, 0, 32;
    %pushi/vec4 0, 0, 32;
    %store/vec4 v0x562a77a80440_0, 0, 32;
    %pushi/vec4 0, 0, 32;
    %store/vec4 v0x562a77a807f0_0, 0, 32;
T_4.21 ; Top of for-loop
    %load/vec4 v0x562a77a807f0_0;
    %cmpi/s 4, 0, 32;
	  %jmp/0xz T_4.22, 5;
    %load/vec4 v0x562a77a80bc0_0;
    %muli 4, 0, 32;
    %load/vec4 v0x562a77a807f0_0;
    %add;
    %store/vec4 v0x562a77a80620_0, 0, 32;
    %load/vec4 v0x562a77a85880_0;
    %pad/u 8;
    %pad/u 12;
    %muli 16, 0, 12;
    %pad/u 13;
    %load/vec4 v0x562a77a80620_0;
    %pad/s 13;
    %add;
    %ix/vec4 4;
    %load/vec4a v0x562a77a850a0, 4;
    %pad/s 32;
    %cast2;
    %store/vec4 v0x562a77a81020_0, 0, 32;
    %load/vec4 v0x562a77a85880_0;
    %pad/u 8;
    %pad/u 12;
    %muli 16, 0, 12;
    %pad/u 13;
    %load/vec4 v0x562a77a80620_0;
    %pad/s 13;
    %add;
    %ix/vec4 4;
    %load/vec4a v0x562a77a85140, 4;
    %pad/s 32;
    %cast2;
    %store/vec4 v0x562a77a80f40_0, 0, 32;
    %load/vec4 v0x562a77a80710_0;
    %load/vec4 v0x562a77a807f0_0;
    %mul;
    %muli 64, 0, 32;
    %pushi/vec4 4, 0, 32;
    %div/s;
    %cast2;
    %store/vec4 v0x562a77a80920_0, 0, 32;
    %load/vec4 v0x562a77a80920_0;
    %pushi/vec4 64, 0, 32;
    %mod/s;
    %cast2;
    %store/vec4 v0x562a77a80920_0, 0, 32;
    %ix/getv/s 4, v0x562a77a80920_0;
    %load/vec4a v0x562a77a85ef0, 4;
    %pad/s 32;
    %cast2;
    %store/vec4 v0x562a77a80e60_0, 0, 32;
    %ix/getv/s 4, v0x562a77a80920_0;
    %load/vec4a v0x562a77a85fb0, 4;
    %pad/s 32;
    %cast2;
    %store/vec4 v0x562a77a80d80_0, 0, 32;
    %load/vec4 v0x562a77a81020_0;
    %load/vec4 v0x562a77a80e60_0;
    %mul;
    %load/vec4 v0x562a77a80f40_0;
    %load/vec4 v0x562a77a80d80_0;
    %mul;
    %sub;
    %ix/load 4, 10, 0;
    %flag_set/imm 4, 0;
    %shiftr/s 4;
    %store/vec4 v0x562a77a80ae0_0, 0, 32;
    %load/vec4 v0x562a77a81020_0;
    %load/vec4 v0x562a77a80d80_0;
    %mul;
    %load/vec4 v0x562a77a80f40_0;
    %load/vec4 v0x562a77a80e60_0;
    %mul;
    %add;
    %ix/load 4, 10, 0;
    %flag_set/imm 4, 0;
    %shiftr/s 4;
    %store/vec4 v0x562a77a80a00_0, 0, 32;
    %load/vec4 v0x562a77a80540_0;
    %load/vec4 v0x562a77a80ae0_0;
    %add;
    %store/vec4 v0x562a77a80540_0, 0, 32;
    %load/vec4 v0x562a77a80440_0;
    %load/vec4 v0x562a77a80a00_0;
    %add;
    %store/vec4 v0x562a77a80440_0, 0, 32;
T_4.23 ; for-loop step statement
    %load/vec4 v0x562a77a807f0_0;
    %addi 1, 0, 32;
    %store/vec4 v0x562a77a807f0_0, 0, 32;
    %jmp T_4.21;
T_4.22 ; for-loop exit label
    %alloc S_0x562a77a81fb0;
    %pushi/vec4 4, 0, 32;
    %store/vec4 v0x562a77a82220_0, 0, 32;
    %callf/vec4 TD_tb_isfft_chain.u_isfft_pingpong.int_sqrt_floor, S_0x562a77a81fb0;
    %free S_0x562a77a81fb0;
    %store/vec4 v0x562a77a80ca0_0, 0, 32;
    %load/vec4 v0x562a77a80540_0;
    %load/vec4 v0x562a77a80ca0_0;
    %div/s;
    %pad/s 7;
    %load/vec4 v0x562a77a85880_0;
    %pad/u 8;
    %pad/u 12;
    %muli 16, 0, 12;
    %pad/u 13;
    %load/vec4 v0x562a77a85ba0_0;
    %pad/u 6;
    %pad/u 13;
    %add;
    %ix/vec4 3;
    %ix/load 4, 0, 0; Constant delay
    %assign/vec4/a/d v0x562a77a85a20, 0, 4;
    %load/vec4 v0x562a77a80440_0;
    %load/vec4 v0x562a77a80ca0_0;
    %div/s;
    %pad/s 7;
    %load/vec4 v0x562a77a85880_0;
    %pad/u 8;
    %pad/u 12;
    %muli 16, 0, 12;
    %pad/u 13;
    %load/vec4 v0x562a77a85ba0_0;
    %pad/u 6;
    %pad/u 13;
    %add;
    %ix/vec4 3;
    %ix/load 4, 0, 0; Constant delay
    %assign/vec4/a/d v0x562a77a85ae0, 0, 4;
    %end;
    .scope S_0x562a77a7f790;
t_0 %join;
    %load/vec4 v0x562a77a85ba0_0;
    %pad/u 32;
    %cmpi/e 15, 0, 32;
    %jmp/0xz  T_4.24, 4;
    %pushi/vec4 0, 0, 4;
    %assign/vec4 v0x562a77a85ba0_0, 0;
    %pushi/vec4 2, 0, 2;
    %assign/vec4 v0x562a77a85d50_0, 0;
    %jmp T_4.25;
T_4.24 ;
    %load/vec4 v0x562a77a85ba0_0;
    %addi 1, 0, 4;
    %assign/vec4 v0x562a77a85ba0_0, 0;
T_4.25 ;
    %jmp T_4.16;
T_4.13 ;
    %fork t_3, S_0x562a77a81100;
    %jmp t_2;
    .scope S_0x562a77a81100;
t_3 ;
    %load/vec4 v0x562a77a84790_0;
    %pad/u 32;
    %pushi/vec4 4, 0, 32;
    %div;
    %cast2;
    %store/vec4 v0x562a77a819e0_0, 0, 32;
    %load/vec4 v0x562a77a84790_0;
    %pad/u 32;
    %pushi/vec4 4, 0, 32;
    %mod;
    %cast2;
    %store/vec4 v0x562a77a81470_0, 0, 32;
    %pushi/vec4 0, 0, 32;
    %store/vec4 v0x562a77a81390_0, 0, 32;
    %pushi/vec4 0, 0, 32;
    %store/vec4 v0x562a77a812b0_0, 0, 32;
    %pushi/vec4 0, 0, 32;
    %store/vec4 v0x562a77a81610_0, 0, 32;
T_4.26 ; Top of for-loop
    %load/vec4 v0x562a77a81610_0;
    %cmpi/s 4, 0, 32;
	  %jmp/0xz T_4.27, 5;
    %load/vec4 v0x562a77a81610_0;
    %muli 4, 0, 32;
    %load/vec4 v0x562a77a81470_0;
    %add;
    %store/vec4 v0x562a77a81530_0, 0, 32;
    %load/vec4 v0x562a77a85880_0;
    %pad/u 8;
    %pad/u 12;
    %muli 16, 0, 12;
    %pad/u 13;
    %load/vec4 v0x562a77a81530_0;
    %pad/s 13;
    %add;
    %ix/vec4 4;
    %load/vec4a v0x562a77a85a20, 4;
    %pad/s 32;
    %cast2;
    %store/vec4 v0x562a77a81ed0_0, 0, 32;
    %load/vec4 v0x562a77a85880_0;
    %pad/u 8;
    %pad/u 12;
    %muli 16, 0, 12;
    %pad/u 13;
    %load/vec4 v0x562a77a81530_0;
    %pad/s 13;
    %add;
    %ix/vec4 4;
    %load/vec4a v0x562a77a85ae0, 4;
    %pad/s 32;
    %cast2;
    %store/vec4 v0x562a77a81df0_0, 0, 32;
    %load/vec4 v0x562a77a819e0_0;
    %load/vec4 v0x562a77a81610_0;
    %mul;
    %muli 64, 0, 32;
    %pushi/vec4 4, 0, 32;
    %div/s;
    %cast2;
    %store/vec4 v0x562a77a81740_0, 0, 32;
    %load/vec4 v0x562a77a81740_0;
    %pushi/vec4 64, 0, 32;
    %mod/s;
    %cast2;
    %store/vec4 v0x562a77a81740_0, 0, 32;
    %ix/getv/s 4, v0x562a77a81740_0;
    %load/vec4a v0x562a77a85ef0, 4;
    %pad/s 32;
    %cast2;
    %store/vec4 v0x562a77a81d10_0, 0, 32;
    %ix/getv/s 4, v0x562a77a81740_0;
    %load/vec4a v0x562a77a85fb0, 4;
    %pad/s 32;
    %inv;
    %addi 1, 0, 32;
    %cast2;
    %store/vec4 v0x562a77a81c30_0, 0, 32;
    %load/vec4 v0x562a77a81ed0_0;
    %load/vec4 v0x562a77a81d10_0;
    %mul;
    %load/vec4 v0x562a77a81df0_0;
    %load/vec4 v0x562a77a81c30_0;
    %mul;
    %sub;
    %ix/load 4, 10, 0;
    %flag_set/imm 4, 0;
    %shiftr/s 4;
    %store/vec4 v0x562a77a81900_0, 0, 32;
    %load/vec4 v0x562a77a81ed0_0;
    %load/vec4 v0x562a77a81c30_0;
    %mul;
    %load/vec4 v0x562a77a81df0_0;
    %load/vec4 v0x562a77a81d10_0;
    %mul;
    %add;
    %ix/load 4, 10, 0;
    %flag_set/imm 4, 0;
    %shiftr/s 4;
    %store/vec4 v0x562a77a81820_0, 0, 32;
    %load/vec4 v0x562a77a81390_0;
    %load/vec4 v0x562a77a81900_0;
    %add;
    %store/vec4 v0x562a77a81390_0, 0, 32;
    %load/vec4 v0x562a77a812b0_0;
    %load/vec4 v0x562a77a81820_0;
    %add;
    %store/vec4 v0x562a77a812b0_0, 0, 32;
T_4.28 ; for-loop step statement
    %load/vec4 v0x562a77a81610_0;
    %addi 1, 0, 32;
    %store/vec4 v0x562a77a81610_0, 0, 32;
    %jmp T_4.26;
T_4.27 ; for-loop exit label
    %alloc S_0x562a77a81fb0;
    %pushi/vec4 4, 0, 32;
    %store/vec4 v0x562a77a82220_0, 0, 32;
    %callf/vec4 TD_tb_isfft_chain.u_isfft_pingpong.int_sqrt_floor, S_0x562a77a81fb0;
    %free S_0x562a77a81fb0;
    %store/vec4 v0x562a77a81b50_0, 0, 32;
    %load/vec4 v0x562a77a81390_0;
    %load/vec4 v0x562a77a81b50_0;
    %div/s;
    %pad/s 7;
    %load/vec4 v0x562a77a85880_0;
    %pad/u 8;
    %pad/u 12;
    %muli 16, 0, 12;
    %pad/u 13;
    %load/vec4 v0x562a77a84790_0;
    %pad/u 6;
    %pad/u 13;
    %add;
    %ix/vec4 3;
    %ix/load 4, 0, 0; Constant delay
    %assign/vec4/a/d v0x562a77a852e0, 0, 4;
    %load/vec4 v0x562a77a812b0_0;
    %load/vec4 v0x562a77a81b50_0;
    %div/s;
    %pad/s 7;
    %load/vec4 v0x562a77a85880_0;
    %pad/u 8;
    %pad/u 12;
    %muli 16, 0, 12;
    %pad/u 13;
    %load/vec4 v0x562a77a84790_0;
    %pad/u 6;
    %pad/u 13;
    %add;
    %ix/vec4 3;
    %ix/load 4, 0, 0; Constant delay
    %assign/vec4/a/d v0x562a77a853a0, 0, 4;
    %end;
    .scope S_0x562a77a7f790;
t_2 %join;
    %load/vec4 v0x562a77a84790_0;
    %pad/u 32;
    %cmpi/e 15, 0, 32;
    %jmp/0xz  T_4.29, 4;
    %pushi/vec4 0, 0, 4;
    %assign/vec4 v0x562a77a84790_0, 0;
    %pushi/vec4 3, 0, 2;
    %assign/vec4 v0x562a77a85d50_0, 0;
    %jmp T_4.30;
T_4.29 ;
    %load/vec4 v0x562a77a84790_0;
    %addi 1, 0, 4;
    %assign/vec4 v0x562a77a84790_0, 0;
T_4.30 ;
    %jmp T_4.16;
T_4.14 ;
    %load/vec4 v0x562a77a857c0_0;
    %flag_set/vec4 9;
    %flag_get/vec4 9;
    %jmp/0 T_4.33, 9;
    %load/vec4 v0x562a77a85700_0;
    %and;
T_4.33;
    %flag_set/vec4 8;
    %jmp/0xz  T_4.31, 8;
    %load/vec4 v0x562a77a85460_0;
    %pad/u 32;
    %cmpi/e 15, 0, 32;
    %jmp/0xz  T_4.34, 4;
    %pushi/vec4 0, 0, 1;
    %load/vec4 v0x562a77a85880_0;
    %pad/u 3;
    %ix/vec4 3;
    %ix/load 4, 0, 0; Constant delay
    %assign/vec4/a/d v0x562a77a84390, 0, 4;
    %pushi/vec4 0, 0, 4;
    %assign/vec4 v0x562a77a85460_0, 0;
    %pushi/vec4 1, 0, 1;
    %assign/vec4 v0x562a77a84850_0, 0;
    %pushi/vec4 0, 0, 2;
    %assign/vec4 v0x562a77a85d50_0, 0;
    %jmp T_4.35;
T_4.34 ;
    %load/vec4 v0x562a77a85460_0;
    %addi 1, 0, 4;
    %assign/vec4 v0x562a77a85460_0, 0;
T_4.35 ;
T_4.31 ;
    %jmp T_4.16;
T_4.16 ;
    %pop/vec4 1;
T_4.1 ;
    %jmp T_4;
    .thread T_4;
    .scope S_0x562a77a62450;
T_5 ;
    %pushi/vec4 0, 0, 1;
    %store/vec4 v0x562a77a87290_0, 0, 1;
    %end;
    .thread T_5;
    .scope S_0x562a77a62450;
T_6 ;
    %delay 5000, 0;
    %load/vec4 v0x562a77a87290_0;
    %inv;
    %store/vec4 v0x562a77a87290_0, 0, 1;
    %jmp T_6;
    .thread T_6;
    .scope S_0x562a77a62450;
T_7 ;
    %vpi_func 3 103 "$value$plusargs" 32, "INPUT_MEM=%s", v0x562a77a881a0_0 {0 0 0};
    %nor/r;
    %flag_set/vec4 8;
    %jmp/0xz  T_7.0, 8;
    %pushi/str "rtl/vectors/input.mem";
    %store/str v0x562a77a881a0_0;
T_7.0 ;
    %vpi_func 3 106 "$value$plusargs" 32, "EXP_I_MEM=%s", v0x562a77a87610_0 {0 0 0};
    %nor/r;
    %flag_set/vec4 8;
    %jmp/0xz  T_7.2, 8;
    %pushi/str "rtl/vectors/ifft_exp_i.mem";
    %store/str v0x562a77a87610_0;
T_7.2 ;
    %vpi_func 3 109 "$value$plusargs" 32, "EXP_Q_MEM=%s", v0x562a77a87790_0 {0 0 0};
    %nor/r;
    %flag_set/vec4 8;
    %jmp/0xz  T_7.4, 8;
    %pushi/str "rtl/vectors/ifft_exp_q.mem";
    %store/str v0x562a77a87790_0;
T_7.4 ;
    %vpi_call/w 3 113 "$display", "[TB] Reading input symbols from: %s", v0x562a77a881a0_0 {0 0 0};
    %vpi_call/w 3 114 "$display", "[TB] Reading expected I from:   %s", v0x562a77a87610_0 {0 0 0};
    %vpi_call/w 3 115 "$display", "[TB] Reading expected Q from:   %s", v0x562a77a87790_0 {0 0 0};
    %vpi_call/w 3 116 "$readmemb", v0x562a77a881a0_0, v0x562a77a87130 {0 0 0};
    %vpi_call/w 3 117 "$readmemb", v0x562a77a87610_0, v0x562a77a87550 {0 0 0};
    %vpi_call/w 3 118 "$readmemb", v0x562a77a87790_0, v0x562a77a876d0 {0 0 0};
    %pushi/vec4 0, 0, 4;
    %store/vec4 v0x562a77a87020_0, 0, 4;
    %pushi/vec4 0, 0, 1;
    %store/vec4 v0x562a77a88100_0, 0, 1;
    %pushi/vec4 1, 0, 1;
    %store/vec4 v0x562a77a88520_0, 0, 1;
    %pushi/vec4 0, 0, 1;
    %store/vec4 v0x562a77a88820_0, 0, 1;
    %pushi/vec4 0, 0, 32;
    %store/vec4 v0x562a77a886c0_0, 0, 32;
    %pushi/vec4 0, 0, 32;
    %store/vec4 v0x562a77a88760_0, 0, 32;
    %pushi/vec4 0, 0, 32;
    %store/vec4 v0x562a77a87470_0, 0, 32;
    %pushi/vec4 3, 0, 32;
T_7.6 %dup/vec4;
    %cmpi/s 0, 0, 32;
    %jmp/1xz T_7.7, 5;
    %jmp/1 T_7.7, 4;
    %subi 1, 0, 32;
    %wait E_0x562a779e4370;
    %jmp T_7.6;
T_7.7 ;
    %pop/vec4 1;
    %pushi/vec4 1, 0, 1;
    %assign/vec4 v0x562a77a88820_0, 0;
    %wait E_0x562a779e4370;
    %fork t_5, S_0x562a779df460;
    %jmp t_4;
    .scope S_0x562a779df460;
t_5 ;
    %pushi/vec4 0, 0, 32;
    %store/vec4 v0x562a77a5d5f0_0, 0, 32;
T_7.8 ; Top of for-loop
    %load/vec4 v0x562a77a5d5f0_0;
    %cmpi/s 16, 0, 32;
	  %jmp/0xz T_7.9, 5;
    %ix/getv/s 4, v0x562a77a5d5f0_0;
    %load/vec4a v0x562a77a87130, 4;
    %assign/vec4 v0x562a77a87020_0, 0;
    %pushi/vec4 1, 0, 1;
    %assign/vec4 v0x562a77a88100_0, 0;
    %wait E_0x562a779e4370;
T_7.10 ; for-loop step statement
    ; show_stmt_assign_vector: Get l-value for compressed += operand
    %load/vec4 v0x562a77a5d5f0_0;
    %pushi/vec4 1, 0, 32;
    %add;
    %cast2;
    %store/vec4 v0x562a77a5d5f0_0, 0, 32;
    %jmp T_7.8;
T_7.9 ; for-loop exit label
    %end;
    .scope S_0x562a77a62450;
t_4 %join;
    %pushi/vec4 0, 0, 1;
    %assign/vec4 v0x562a77a88100_0, 0;
    %pushi/vec4 0, 0, 4;
    %assign/vec4 v0x562a77a87020_0, 0;
    %pushi/vec4 0, 0, 32;
    %store/vec4 v0x562a77a87380_0, 0, 32;
T_7.11 ;
    %load/vec4 v0x562a77a88760_0;
    %cmpi/s 16, 0, 32;
    %flag_get/vec4 5;
    %jmp/0 T_7.13, 5;
    %load/vec4 v0x562a77a87380_0;
    %cmpi/s 2000, 0, 32;
    %flag_get/vec4 5;
    %and;
T_7.13;
    %flag_set/vec4 8;
    %jmp/0xz T_7.12, 8;
    %wait E_0x562a779e4370;
    ; show_stmt_assign_vector: Get l-value for compressed += operand
    %load/vec4 v0x562a77a87380_0;
    %pushi/vec4 1, 0, 32;
    %add;
    %cast2;
    %store/vec4 v0x562a77a87380_0, 0, 32;
    %load/vec4 v0x562a77a885f0_0;
    %flag_set/vec4 9;
    %flag_get/vec4 9;
    %jmp/0 T_7.16, 9;
    %load/vec4 v0x562a77a88520_0;
    %and;
T_7.16;
    %flag_set/vec4 8;
    %jmp/0xz  T_7.14, 8;
    %load/vec4 v0x562a77a883c0_0;
    %ix/getv/s 4, v0x562a77a886c0_0;
    %load/vec4a v0x562a77a87550, 4;
    %cmp/ne;
    %jmp/1 T_7.19, 6;
    %flag_mov 8, 6;
    %load/vec4 v0x562a77a88480_0;
    %ix/getv/s 4, v0x562a77a886c0_0;
    %load/vec4a v0x562a77a876d0, 4;
    %cmp/ne;
    %flag_or 6, 8;
T_7.19;
    %jmp/0xz  T_7.17, 6;
    %vpi_call/w 3 154 "$display", "ERR idx=%0d exp=(%0d,%0d) got=(%0d,%0d)", v0x562a77a886c0_0, &A<v0x562a77a87550, v0x562a77a886c0_0 >, &A<v0x562a77a876d0, v0x562a77a886c0_0 >, v0x562a77a883c0_0, v0x562a77a88480_0 {0 0 0};
    ; show_stmt_assign_vector: Get l-value for compressed += operand
    %load/vec4 v0x562a77a87470_0;
    %pushi/vec4 1, 0, 32;
    %add;
    %cast2;
    %store/vec4 v0x562a77a87470_0, 0, 32;
    %jmp T_7.18;
T_7.17 ;
    %vpi_call/w 3 158 "$display", "OK  idx=%0d iq=(%0d,%0d)", v0x562a77a886c0_0, v0x562a77a883c0_0, v0x562a77a88480_0 {0 0 0};
T_7.18 ;
    ; show_stmt_assign_vector: Get l-value for compressed += operand
    %load/vec4 v0x562a77a886c0_0;
    %pushi/vec4 1, 0, 32;
    %add;
    %cast2;
    %store/vec4 v0x562a77a886c0_0, 0, 32;
    ; show_stmt_assign_vector: Get l-value for compressed += operand
    %load/vec4 v0x562a77a88760_0;
    %pushi/vec4 1, 0, 32;
    %add;
    %cast2;
    %store/vec4 v0x562a77a88760_0, 0, 32;
T_7.14 ;
    %jmp T_7.11;
T_7.12 ;
    %load/vec4 v0x562a77a88760_0;
    %cmpi/ne 16, 0, 32;
    %jmp/0xz  T_7.20, 4;
    %vpi_call/w 3 166 "$fatal", 32'sb00000000000000000000000000000001, "FAIL: timeout waiting for output stream (got %0d/%0d).", v0x562a77a88760_0, P_0x562a77a62760 {0 0 0};
T_7.20 ;
    %load/vec4 v0x562a77a87850_0;
    %nor/r;
    %flag_set/vec4 8;
    %jmp/0xz  T_7.22, 8;
    %wait E_0x562a779e4370;
T_7.22 ;
    %load/vec4 v0x562a77a87470_0;
    %cmpi/e 0, 0, 32;
    %jmp/0xz  T_7.24, 4;
    %vpi_call/w 3 175 "$display", "PASS: combined chain matched %0d/%0d samples.", v0x562a77a88760_0, P_0x562a77a62760 {0 0 0};
    %jmp T_7.25;
T_7.24 ;
    %vpi_call/w 3 177 "$fatal", 32'sb00000000000000000000000000000001, "FAIL: %0d mismatches in combined chain.", v0x562a77a87470_0 {0 0 0};
T_7.25 ;
    %vpi_call/w 3 180 "$finish" {0 0 0};
    %end;
    .thread T_7;
# The file index is used to find the file name in the following table.
:file_names 8;
    "N/A";
    "<interactive>";
    "-";
    "rtl/tb/tb_isfft_chain.sv";
    "rtl/src/grid_loader.sv";
    "rtl/src/isfft_pingpong.sv";
    "rtl/src/qam_mapper.sv";
    "rtl/src/constellation.sv";
